# Generated by Apache Directory Studio on May 19, 2024, 11:31:15 PM

# SCHEMA "BOOKING_SCHEMA"
#!RESULT OK
#!CONNECTION ldap://localhost:10389
#!DATE 2024-06-06T10:45:52.614
dn: cn=booking_schema, ou=schema
objectclass: metaSchema
objectclass: top
cn: booking_schema
m-dependencies: system

#!RESULT OK
#!CONNECTION ldap://localhost:10389
#!DATE 2024-06-06T10:45:52.618
dn: ou=attributetypes, cn=booking_schema, ou=schema
objectclass: organizationalUnit
objectclass: top
ou: attributetypes

#!RESULT OK
#!CONNECTION ldap://localhost:10389
#!DATE 2024-06-06T10:45:52.631
dn: m-oid=1.3.6.1.4.1.26689.1.1.1, ou=attributetypes, cn=booking_schema, ou=
 schema
objectclass: metaAttributeType
objectclass: metaTop
objectclass: top
m-oid: 1.3.6.1.4.1.26689.1.1.1
m-name: blocked
m-description: Indicates whether the user is blocked
m-equality: booleanMatch
m-syntax: 1.3.6.1.4.1.1466.115.121.1.7

#!RESULT OK
#!CONNECTION ldap://localhost:10389
#!DATE 2024-06-06T10:45:52.641
dn: m-oid=1.3.6.1.4.1.26689.1.1.2, ou=attributetypes, cn=booking_schema, ou=
 schema
objectclass: metaAttributeType
objectclass: metaTop
objectclass: top
m-oid: 1.3.6.1.4.1.26689.1.1.2
m-name: deleted
m-description: Indicates whether the user is deleted
m-equality: booleanMatch
m-syntax: 1.3.6.1.4.1.1466.115.121.1.7

#!RESULT OK
#!CONNECTION ldap://localhost:10389
#!DATE 2024-06-06T10:45:52.651
dn: m-oid=1.3.6.1.4.1.26689.1.1.3, ou=attributetypes, cn=booking_schema, ou=
 schema
objectclass: metaAttributeType
objectclass: metaTop
objectclass: top
m-oid: 1.3.6.1.4.1.26689.1.1.3
m-name: notifyOnHostReview
m-description: Indicates whether to notify on host review
m-equality: booleanMatch
m-syntax: 1.3.6.1.4.1.1466.115.121.1.7

#!RESULT OK
#!CONNECTION ldap://localhost:10389
#!DATE 2024-06-06T10:45:52.664
dn: m-oid=1.3.6.1.4.1.26689.1.1.4, ou=attributetypes, cn=booking_schema, ou=
 schema
objectclass: metaAttributeType
objectclass: metaTop
objectclass: top
m-oid: 1.3.6.1.4.1.26689.1.1.4
m-name: notifyOnPropertyReview
m-description: Indicates whether to notify on property review
m-equality: booleanMatch
m-syntax: 1.3.6.1.4.1.1466.115.121.1.7

#!RESULT OK
#!CONNECTION ldap://localhost:10389
#!DATE 2024-06-06T10:45:52.678
dn: m-oid=1.3.6.1.4.1.26689.1.1.5, ou=attributetypes, cn=booking_schema, ou=
 schema
objectclass: metaAttributeType
objectclass: metaTop
objectclass: top
m-oid: 1.3.6.1.4.1.26689.1.1.5
m-name: notifyOnReservationCancellation
m-description: Indicates whether to notify on reservation cancellation
m-equality: booleanMatch
m-syntax: 1.3.6.1.4.1.1466.115.121.1.7

#!RESULT OK
#!CONNECTION ldap://localhost:10389
#!DATE 2024-06-06T10:45:52.695
dn: m-oid=1.3.6.1.4.1.26689.1.1.6, ou=attributetypes, cn=booking_schema, ou=
 schema
objectclass: metaAttributeType
objectclass: metaTop
objectclass: top
m-oid: 1.3.6.1.4.1.26689.1.1.6
m-name: notifyOnReservationCreation
m-description: Indicates whether to notify on reservation creation
m-equality: booleanMatch
m-syntax: 1.3.6.1.4.1.1466.115.121.1.7

#!RESULT OK
#!CONNECTION ldap://localhost:10389
#!DATE 2024-06-06T10:45:52.718
dn: m-oid=1.3.6.1.4.1.26689.1.1.7, ou=attributetypes, cn=booking_schema, ou=
 schema
objectclass: metaAttributeType
objectclass: metaTop
objectclass: top
m-oid: 1.3.6.1.4.1.26689.1.1.7
m-name: notifyOnReservationRequestResponse
m-description: Indicates whether to notify on reservation request response
m-equality: booleanMatch
m-syntax: 1.3.6.1.4.1.1466.115.121.1.7

#!RESULT OK
#!CONNECTION ldap://localhost:10389
#!DATE 2024-06-06T10:45:52.738
dn: m-oid=1.3.6.1.4.1.26689.1.1.8, ou=attributetypes, cn=booking_schema, ou=
 schema
objectclass: metaAttributeType
objectclass: metaTop
objectclass: top
m-oid: 1.3.6.1.4.1.26689.1.1.8
m-name: role
m-description: Role of the user
m-equality: integerMatch
m-syntax: 1.3.6.1.4.1.1466.115.121.1.27

#!RESULT OK
#!CONNECTION ldap://localhost:10389
#!DATE 2024-06-06T10:45:52.759
dn: m-oid=1.3.6.1.4.1.26689.1.1.9, ou=attributetypes, cn=booking_schema, ou=
 schema
objectclass: metaAttributeType
objectclass: metaTop
objectclass: top
m-oid: 1.3.6.1.4.1.26689.1.1.9
m-name: verified
m-description: Indicates whether the user is verified
m-equality: booleanMatch
m-syntax: 1.3.6.1.4.1.1466.115.121.1.7

#!RESULT OK
#!CONNECTION ldap://localhost:10389
#!DATE 2024-06-06T10:45:52.776
dn: m-oid=1.3.6.1.4.1.26689.1.1.10, ou=attributetypes, cn=booking_schema, ou
 =schema
objectclass: metaAttributeType
objectclass: metaTop
objectclass: top
m-oid: 1.3.6.1.4.1.26689.1.1.10
m-name: id
m-description: Unique identifier for the user
m-equality: uuidMatch
m-ordering: uuidOrderingMatch
m-syntax: 1.3.6.1.1.16.1

#!RESULT OK
#!CONNECTION ldap://localhost:10389
#!DATE 2024-06-06T10:45:52.792
dn: m-oid=1.3.6.1.4.1.26689.1.1.11, ou=attributetypes, cn=booking_schema, ou
 =schema
objectclass: metaAttributeType
objectclass: metaTop
objectclass: top
m-oid: 1.3.6.1.4.1.26689.1.1.11
m-name: address
m-description: Address of the user
m-equality: caseIgnoreMatch
m-substr: caseIgnoreSubstringsMatch
m-syntax: 1.3.6.1.4.1.1466.115.121.1.15
m-length: 32768

#!RESULT OK
#!CONNECTION ldap://localhost:10389
#!DATE 2024-06-06T10:45:52.806
dn: m-oid=1.3.6.1.4.1.26689.1.1.13, ou=attributetypes, cn=booking_schema, ou
 =schema
objectclass: metaAttributeType
objectclass: metaTop
objectclass: top
m-oid: 1.3.6.1.4.1.26689.1.1.13
m-name: mimeType
m-description: MIME type of the user
m-equality: caseIgnoreMatch
m-substr: caseIgnoreSubstringsMatch
m-syntax: 1.3.6.1.4.1.1466.115.121.1.26
m-length: 64

#!RESULT OK
#!CONNECTION ldap://localhost:10389
#!DATE 2024-06-06T10:45:52.813
dn: m-oid=1.3.6.1.4.1.26689.1.1.16, ou=attributetypes, cn=booking_schema, ou
 =schema
objectclass: metaAttributeType
objectclass: metaTop
objectclass: top
m-oid: 1.3.6.1.4.1.26689.1.1.16
m-name: phoneNumber
m-description: Phone number of the user
m-equality: caseIgnoreMatch
m-substr: caseIgnoreSubstringsMatch
m-syntax: 1.3.6.1.4.1.1466.115.121.1.41
m-length: 32

#!RESULT OK
#!CONNECTION ldap://localhost:10389
#!DATE 2024-06-06T10:45:52.822
dn: m-oid=1.3.6.1.4.1.26689.1.1.18, ou=attributetypes, cn=booking_schema, ou
 =schema
objectclass: metaAttributeType
objectclass: metaTop
objectclass: top
m-oid: 1.3.6.1.4.1.26689.1.1.18
m-name: imageData
m-description: Image data of the user
m-equality: caseIgnoreMatch
m-substr: caseIgnoreSubstringsMatch
m-syntax: 1.3.6.1.4.1.1466.115.121.1.5
m-length: 64

#!RESULT OK
#!CONNECTION ldap://localhost:10389
#!DATE 2024-06-06T10:45:52.824
dn: ou=comparators, cn=booking_schema, ou=schema
objectclass: organizationalUnit
objectclass: top
ou: comparators

#!RESULT OK
#!CONNECTION ldap://localhost:10389
#!DATE 2024-06-06T10:45:52.826
dn: ou=ditcontentrules, cn=booking_schema, ou=schema
objectclass: organizationalUnit
objectclass: top
ou: ditcontentrules

#!RESULT OK
#!CONNECTION ldap://localhost:10389
#!DATE 2024-06-06T10:45:52.828
dn: ou=ditstructurerules, cn=booking_schema, ou=schema
objectclass: organizationalUnit
objectclass: top
ou: ditstructurerules

#!RESULT OK
#!CONNECTION ldap://localhost:10389
#!DATE 2024-06-06T10:45:52.829
dn: ou=matchingrules, cn=booking_schema, ou=schema
objectclass: organizationalUnit
objectclass: top
ou: matchingrules

#!RESULT OK
#!CONNECTION ldap://localhost:10389
#!DATE 2024-06-06T10:45:52.831
dn: ou=matchingruleuse, cn=booking_schema, ou=schema
objectclass: organizationalUnit
objectclass: top
ou: matchingruleuse

#!RESULT OK
#!CONNECTION ldap://localhost:10389
#!DATE 2024-06-06T10:45:52.834
dn: ou=nameforms, cn=booking_schema, ou=schema
objectclass: organizationalUnit
objectclass: top
ou: nameforms

#!RESULT OK
#!CONNECTION ldap://localhost:10389
#!DATE 2024-06-06T10:45:52.835
dn: ou=normalizers, cn=booking_schema, ou=schema
objectclass: organizationalUnit
objectclass: top
ou: normalizers

#!RESULT OK
#!CONNECTION ldap://localhost:10389
#!DATE 2024-06-06T10:45:52.837
dn: ou=objectclasses, cn=booking_schema, ou=schema
objectclass: organizationalUnit
objectclass: top
ou: objectClasses

#!RESULT OK
#!CONNECTION ldap://localhost:10389
#!DATE 2024-06-06T10:45:52.845
dn: m-oid=1.3.6.1.4.1.26689.1.2.1, ou=objectclasses, cn=booking_schema, ou=s
 chema
objectclass: metaObjectClass
objectclass: metaTop
objectclass: top
m-oid: 1.3.6.1.4.1.26689.1.2.1
m-name: bookingUser
m-supObjectClass: top
m-must: name
m-must: surname
m-must: role
m-must: id
m-may: userPassword
m-may: blocked
m-may: cn
m-may: deleted
m-may: notifyOnHostReview
m-may: notifyOnPropertyReview
m-may: notifyOnReservationCancellation
m-may: notifyOnReservationCreation
m-may: notifyOnReservationRequestResponse
m-may: verified
m-may: address
m-may: email
m-may: mimeType
m-may: phoneNumber
m-may: imageData

#!RESULT OK
#!CONNECTION ldap://localhost:10389
#!DATE 2024-06-06T10:45:52.847
dn: ou=syntaxcheckers, cn=booking_schema, ou=schema
objectclass: organizationalUnit
objectclass: top
ou: syntaxcheckers

#!RESULT OK
#!CONNECTION ldap://localhost:10389
#!DATE 2024-06-06T10:45:52.849
dn: ou=syntaxes, cn=booking_schema, ou=schema
objectclass: organizationalUnit
objectclass: top
ou: syntaxes

